<?xml version="1.0" encoding="UTF-8"?>
<!-- Generated by org.testng.reporters.JUnitReportReporter -->
<testsuite hostname="DESKTOP-FC9QTB7" failures="0" tests="1" name="testclasses.Hometest" time="10.485" errors="0" timestamp="2023-02-19T15:13:51 IST" skipped="0">
  <testcase classname="testclasses.Hometest" name="addToCartTest" time="10.485"/>
  <system-out/>
</testsuite> <!-- testclasses.Hometest -->
