<?xml version="1.0" encoding="UTF-8"?>
<!-- Generated by org.testng.reporters.JUnitReportReporter -->
<testsuite hostname="DESKTOP-FC9QTB7" failures="0" tests="1" name="testclasses.Logintest" time="1.855" errors="0" timestamp="2023-03-12T11:35:14 IST" skipped="0">
  <testcase classname="testclasses.Logintest" name="login" time="1.855"/>
  <system-out/>
</testsuite> <!-- testclasses.Logintest -->
